#
# A fatal error has been detected by the Java Runtime Environment:
#
#  EXCEPTION_ACCESS_VIOLATION (0xc0000005) at pc=0x0000000000000000, pid=3452, tid=0x0000000000001794
#
# JRE version: Java(TM) SE Runtime Environment (8.0_101-b13) (build 1.8.0_101-b13)
# Java VM: Java HotSpot(TM) 64-Bit Server VM (25.101-b13 mixed mode windows-amd64 compressed oops)
# Problematic frame:
# C  0x0000000000000000
#
# Failed to write core dump. Minidumps are not enabled by default on client versions of Windows
#
# If you would like to submit a bug report, please visit:
#   http://bugreport.java.com/bugreport/crash.jsp
#

---------------  T H R E A D  ---------------

Current thread (0x000000000233c000):  GCTaskThread [stack: 0x0000000011e20000,0x0000000011f20000] [id=6036]

siginfo: ExceptionCode=0xc0000005, ExceptionInformation=0x0000000000000008 0x0000000000000000

Registers:
RAX=0x0000000002320800, RBX=0x00000000faca35c8, RCX=0x0000000100006058, RDX=0x00000000faca35c8
RSP=0x0000000011f1f258, RBP=0x0000000000000000, RSI=0x000000000240c9c0, RDI=0x0000000016373030
R8 =0x0000000000000009, R9 =0x0000000100006058, R10=0x0000000000000008, R11=0x00000000fed87ff0
R12=0x000000006b6337c8, R13=0x0000007fb4321301, R14=0x0000000000000000, R15=0x000000000233c5b0
RIP=0x0000000000000000, EFLAGS=0x0000000000010202

Top of Stack: (sp=0x0000000011f1f258)
0x0000000011f1f258:   000000006b3e06d2 00000000f262f820
0x0000000011f1f268:   0000000000000004 000000000240c9c0
0x0000000011f1f278:   000000006b0cc080 00000000fed80000
0x0000000011f1f288:   0000000000001000 0000000000000048
0x0000000011f1f298:   00007ffb00000001 0000000000000000
0x0000000011f1f2a8:   000000000232d001 000000006b6337c8
0x0000000011f1f2b8:   000000006b3e0a40 00000000fed81ef0
0x0000000011f1f2c8:   0000000000000000 000000000240c9c0
0x0000000011f1f2d8:   0000000016373030 00000000fed81ef0
0x0000000011f1f2e8:   000000006b3e1415 0000000000000005
0x0000000011f1f2f8:   000000006b6337c8 00000000fed81ee0
0x0000000011f1f308:   000000006b3e0951 00000000faca35e8
0x0000000011f1f318:   0000000000000004 000000000240c9c0
0x0000000011f1f328:   006f90620001ff8e 00000000fed58000
0x0000000011f1f338:   006f90610001ff8e 0058fd8c0001fa5a
0x0000000011f1f348:   0058fd8c0001fa51 000000000233c5a0 

Instructions: (pc=0x0000000000000000)
0xffffffffffffffe0:   


Register to memory mapping:

RAX=0x0000000002320800 is a thread
RBX=0x00000000faca35c8 is an oop

[error occurred during error reporting (printing register info), id 0xc0000005]

Stack: [0x0000000011e20000,0x0000000011f20000],  sp=0x0000000011f1f258,  free space=1020k
Native frames: (J=compiled Java code, j=interpreted, Vv=VM code, C=native code)


---------------  P R O C E S S  ---------------

Java Threads: ( => current thread )
  0x00000000166d9000 JavaThread "D3D Screen Updater" daemon [_thread_blocked, id=4460, stack(0x0000000019ac0000,0x0000000019bc0000)]
  0x0000000002320800 JavaThread "DestroyJavaVM" [_thread_blocked, id=768, stack(0x00000000021c0000,0x00000000022c0000)]
  0x0000000019202800 JavaThread "Thread-2" [_thread_blocked, id=676, stack(0x00000000199c0000,0x0000000019ac0000)]
  0x00000000166b7000 JavaThread "AWT-EventQueue-0" [_thread_blocked, id=6120, stack(0x00000000190c0000,0x00000000191c0000)]
  0x000000001668a000 JavaThread "AWT-Windows" daemon [_thread_in_native, id=5452, stack(0x0000000016cb0000,0x0000000016db0000)]
  0x0000000016689800 JavaThread "AWT-Shutdown" [_thread_blocked, id=3568, stack(0x0000000016bb0000,0x0000000016cb0000)]
  0x0000000016688800 JavaThread "Java2D Disposer" daemon [_thread_blocked, id=5780, stack(0x00000000169d0000,0x0000000016ad0000)]
  0x0000000016315000 JavaThread "Service Thread" daemon [_thread_blocked, id=1132, stack(0x00000000166e0000,0x00000000167e0000)]
  0x00000000149a0800 JavaThread "C1 CompilerThread2" daemon [_thread_blocked, id=2964, stack(0x00000000161e0000,0x00000000162e0000)]
  0x0000000014992000 JavaThread "C2 CompilerThread1" daemon [_thread_blocked, id=6612, stack(0x00000000160e0000,0x00000000161e0000)]
  0x000000001498e800 JavaThread "C2 CompilerThread0" daemon [_thread_blocked, id=8744, stack(0x0000000015fe0000,0x00000000160e0000)]
  0x000000001498d800 JavaThread "Attach Listener" daemon [_thread_blocked, id=7568, stack(0x0000000015ee0000,0x0000000015fe0000)]
  0x000000001498c000 JavaThread "Signal Dispatcher" daemon [_thread_blocked, id=8264, stack(0x0000000015de0000,0x0000000015ee0000)]
  0x000000000241b000 JavaThread "Finalizer" daemon [_thread_blocked, id=6540, stack(0x0000000015bf0000,0x0000000015cf0000)]
  0x0000000014959000 JavaThread "Reference Handler" daemon [_thread_blocked, id=8652, stack(0x0000000015af0000,0x0000000015bf0000)]

Other Threads:
  0x0000000014957000 VMThread [stack: 0x00000000159f0000,0x0000000015af0000] [id=2904]
  0x0000000016318800 WatcherThread [stack: 0x00000000167e0000,0x00000000168e0000] [id=8496]

=>0x000000000233c000 (exited) GCTaskThread [stack: 0x0000000011e20000,0x0000000011f20000] [id=6036]

VM state:at safepoint (normal execution)

VM Mutex/Monitor currently owned by a thread:  ([mutex/lock_event])
[0x000000000060c5b0] Threads_lock - owner thread: 0x0000000014957000
[0x000000000060c0b0] Heap_lock - owner thread: 0x0000000019202800

Heap:
 PSYoungGen      total 322048K, used 321824K [0x00000000eb700000, 0x0000000100000000, 0x0000000100000000)
  eden space 307200K, 100% used [0x00000000eb700000,0x00000000fe300000,0x00000000fe300000)
  from space 14848K, 98% used [0x00000000ff180000,0x00000000fffc8000,0x0000000100000000)
  to   space 14848K, 84% used [0x00000000fe300000,0x00000000fef38000,0x00000000ff180000)
 ParOldGen       total 42496K, used 30810K [0x00000000c2400000, 0x00000000c4d80000, 0x00000000eb700000)
  object space 42496K, 72% used [0x00000000c2400000,0x00000000c42169f0,0x00000000c4d80000)
 Metaspace       used 9272K, capacity 9442K, committed 9728K, reserved 1058816K
  class space    used 1089K, capacity 1157K, committed 1280K, reserved 1048576K

Card table byte_map: [0x00000000117e0000,0x00000000119d0000] byte_map_base: 0x00000000111ce000

Marking Bits: (ParMarkBitMap*) 0x000000006b7fa6d0
 Begin Bits: [0x0000000011f20000, 0x0000000012e90000)
 End Bits:   [0x0000000012e90000, 0x0000000013e00000)

Polling page: 0x00000000005f0000

CodeCache: size=245760Kb used=3861Kb max_used=3917Kb free=241898Kb
 bounds [0x0000000002420000, 0x0000000002800000, 0x0000000011420000]
 total_blobs=1470 nmethods=1030 adapters=354
 compilation: enabled

Compilation events (10 events):
Event: 561.618 Thread 0x00000000149a0800 1075       3       java.lang.Throwable::<init> (34 bytes)
Event: 561.619 Thread 0x00000000149a0800 nmethod 1075 0x000000000262a050 code [0x000000000262a1e0, 0x000000000262a768]
Event: 571.831 Thread 0x00000000149a0800 1076       3       java.lang.Exception::<init> (6 bytes)
Event: 571.832 Thread 0x00000000149a0800 nmethod 1076 0x000000000260ae90 code [0x000000000260b020, 0x000000000260b608]
Event: 589.623 Thread 0x00000000149a0800 1077       3       java.lang.IllegalArgumentException::<init> (6 bytes)
Event: 589.623 Thread 0x00000000149a0800 nmethod 1077 0x000000000260bc10 code [0x000000000260bd80, 0x000000000260bfc8]
Event: 589.624 Thread 0x00000000149a0800 1078       3       java.lang.RuntimeException::<init> (6 bytes)
Event: 589.624 Thread 0x00000000149a0800 nmethod 1078 0x00000000025f4210 code [0x00000000025f4380, 0x00000000025f4568]
Event: 627.678 Thread 0x00000000149a0800 1079       3       java.awt.image.BufferedImage::<init> (926 bytes)
Event: 627.682 Thread 0x00000000149a0800 nmethod 1079 0x0000000002611110 code [0x00000000026115a0, 0x0000000002613f18]

GC Heap History (10 events):
Event: 625.130 GC heap after
Heap after GC invocations=256 (full 0):
 PSYoungGen      total 322048K, used 14624K [0x00000000eb700000, 0x0000000100000000, 0x0000000100000000)
  eden space 307200K, 0% used [0x00000000eb700000,0x00000000eb700000,0x00000000fe300000)
  from space 14848K, 98% used [0x00000000ff180000,0x00000000fffc8000,0x0000000100000000)
  to   space 14848K, 0% used [0x00000000fe300000,0x00000000fe300000,0x00000000ff180000)
 ParOldGen       total 42496K, used 30770K [0x00000000c2400000, 0x00000000c4d80000, 0x00000000eb700000)
  object space 42496K, 72% used [0x00000000c2400000,0x00000000c420c9f0,0x00000000c4d80000)
 Metaspace       used 9264K, capacity 9442K, committed 9728K, reserved 1058816K
  class space    used 1089K, capacity 1157K, committed 1280K, reserved 1048576K
}
Event: 627.574 GC heap before
{Heap before GC invocations=257 (full 0):
 PSYoungGen      total 322048K, used 321824K [0x00000000eb700000, 0x0000000100000000, 0x0000000100000000)
  eden space 307200K, 100% used [0x00000000eb700000,0x00000000fe300000,0x00000000fe300000)
  from space 14848K, 98% used [0x00000000ff180000,0x00000000fffc8000,0x0000000100000000)
  to   space 14848K, 0% used [0x00000000fe300000,0x00000000fe300000,0x00000000ff180000)
 ParOldGen       total 42496K, used 30770K [0x00000000c2400000, 0x00000000c4d80000, 0x00000000eb700000)
  object space 42496K, 72% used [0x00000000c2400000,0x00000000c420c9f0,0x00000000c4d80000)
 Metaspace       used 9264K, capacity 9442K, committed 9728K, reserved 1058816K
  class space    used 1089K, capacity 1157K, committed 1280K, reserved 1048576K
Event: 627.678 GC heap after
Heap after GC invocations=257 (full 0):
 PSYoungGen      total 322048K, used 14624K [0x00000000eb700000, 0x0000000100000000, 0x0000000100000000)
  eden space 307200K, 0% used [0x00000000eb700000,0x00000000eb700000,0x00000000fe300000)
  from space 14848K, 98% used [0x00000000fe300000,0x00000000ff148000,0x00000000ff180000)
  to   space 14848K, 0% used [0x00000000ff180000,0x00000000ff180000,0x0000000100000000)
 ParOldGen       total 42496K, used 30778K [0x00000000c2400000, 0x00000000c4d80000, 0x00000000eb700000)
  object space 42496K, 72% used [0x00000000c2400000,0x00000000c420e9f0,0x00000000c4d80000)
 Metaspace       used 9264K, capacity 9442K, committed 9728K, reserved 1058816K
  class space    used 1089K, capacity 1157K, committed 1280K, reserved 1048576K
}
Event: 630.093 GC heap before
{Heap before GC invocations=258 (full 0):
 PSYoungGen      total 322048K, used 321824K [0x00000000eb700000, 0x0000000100000000, 0x0000000100000000)
  eden space 307200K, 100% used [0x00000000eb700000,0x00000000fe300000,0x00000000fe300000)
  from space 14848K, 98% used [0x00000000fe300000,0x00000000ff148000,0x00000000ff180000)
  to   space 14848K, 0% used [0x00000000ff180000,0x00000000ff180000,0x0000000100000000)
 ParOldGen       total 42496K, used 30778K [0x00000000c2400000, 0x00000000c4d80000, 0x00000000eb700000)
  object space 42496K, 72% used [0x00000000c2400000,0x00000000c420e9f0,0x00000000c4d80000)
 Metaspace       used 9272K, capacity 9442K, committed 9728K, reserved 1058816K
  class space    used 1089K, capacity 1157K, committed 1280K, reserved 1048576K
Event: 630.197 GC heap after
Heap after GC invocations=258 (full 0):
 PSYoungGen      total 322048K, used 14624K [0x00000000eb700000, 0x0000000100000000, 0x0000000100000000)
  eden space 307200K, 0% used [0x00000000eb700000,0x00000000eb700000,0x00000000fe300000)
  from space 14848K, 98% used [0x00000000ff180000,0x00000000fffc8000,0x0000000100000000)
  to   space 14848K, 0% used [0x00000000fe300000,0x00000000fe300000,0x00000000ff180000)
 ParOldGen       total 42496K, used 30778K [0x00000000c2400000, 0x00000000c4d80000, 0x00000000eb700000)
  object space 42496K, 72% used [0x00000000c2400000,0x00000000c420e9f0,0x00000000c4d80000)
 Metaspace       used 9272K, capacity 9442K, committed 9728K, reserved 1058816K
  class space    used 1089K, capacity 1157K, committed 1280K, reserved 1048576K
}
Event: 632.638 GC heap before
{Heap before GC invocations=259 (full 0):
 PSYoungGen      total 322048K, used 321824K [0x00000000eb700000, 0x0000000100000000, 0x0000000100000000)
  eden space 307200K, 100% used [0x00000000eb700000,0x00000000fe300000,0x00000000fe300000)
  from space 14848K, 98% used [0x00000000ff180000,0x00000000fffc8000,0x0000000100000000)
  to   space 14848K, 0% used [0x00000000fe300000,0x00000000fe300000,0x00000000ff180000)
 ParOldGen       total 42496K, used 30778K [0x00000000c2400000, 0x00000000c4d80000, 0x00000000eb700000)
  object space 42496K, 72% used [0x00000000c2400000,0x00000000c420e9f0,0x00000000c4d80000)
 Metaspace       used 9272K, capacity 9442K, committed 9728K, reserved 1058816K
  class space    used 1089K, capacity 1157K, committed 1280K, reserved 1048576K
Event: 632.741 GC heap after
Heap after GC invocations=259 (full 0):
 PSYoungGen      total 322048K, used 14592K [0x00000000eb700000, 0x0000000100000000, 0x0000000100000000)
  eden space 307200K, 0% used [0x00000000eb700000,0x00000000eb700000,0x00000000fe300000)
  from space 14848K, 98% used [0x00000000fe300000,0x00000000ff140000,0x00000000ff180000)
  to   space 14848K, 0% used [0x00000000ff180000,0x00000000ff180000,0x0000000100000000)
 ParOldGen       total 42496K, used 30786K [0x00000000c2400000, 0x00000000c4d80000, 0x00000000eb700000)
  object space 42496K, 72% used [0x00000000c2400000,0x00000000c42109f0,0x00000000c4d80000)
 Metaspace       used 9272K, capacity 9442K, committed 9728K, reserved 1058816K
  class space    used 1089K, capacity 1157K, committed 1280K, reserved 1048576K
}
Event: 635.179 GC heap before
{Heap before GC invocations=260 (full 0):
 PSYoungGen      total 322048K, used 321792K [0x00000000eb700000, 0x0000000100000000, 0x0000000100000000)
  eden space 307200K, 100% used [0x00000000eb700000,0x00000000fe300000,0x00000000fe300000)
  from space 14848K, 98% used [0x00000000fe300000,0x00000000ff140000,0x00000000ff180000)
  to   space 14848K, 0% used [0x00000000ff180000,0x00000000ff180000,0x0000000100000000)
 ParOldGen       total 42496K, used 30786K [0x00000000c2400000, 0x00000000c4d80000, 0x00000000eb700000)
  object space 42496K, 72% used [0x00000000c2400000,0x00000000c42109f0,0x00000000c4d80000)
 Metaspace       used 9272K, capacity 9442K, committed 9728K, reserved 1058816K
  class space    used 1089K, capacity 1157K, committed 1280K, reserved 1048576K
Event: 635.281 GC heap after
Heap after GC invocations=260 (full 0):
 PSYoungGen      total 322048K, used 14624K [0x00000000eb700000, 0x0000000100000000, 0x0000000100000000)
  eden space 307200K, 0% used [0x00000000eb700000,0x00000000eb700000,0x00000000fe300000)
  from space 14848K, 98% used [0x00000000ff180000,0x00000000fffc8000,0x0000000100000000)
  to   space 14848K, 0% used [0x00000000fe300000,0x00000000fe300000,0x00000000ff180000)
 ParOldGen       total 42496K, used 30794K [0x00000000c2400000, 0x00000000c4d80000, 0x00000000eb700000)
  object space 42496K, 72% used [0x00000000c2400000,0x00000000c42129f0,0x00000000c4d80000)
 Metaspace       used 9272K, capacity 9442K, committed 9728K, reserved 1058816K
  class space    used 1089K, capacity 1157K, committed 1280K, reserved 1048576K
}
Event: 637.719 GC heap before
{Heap before GC invocations=261 (full 0):
 PSYoungGen      total 322048K, used 321824K [0x00000000eb700000, 0x0000000100000000, 0x0000000100000000)
  eden space 307200K, 100% used [0x00000000eb700000,0x00000000fe300000,0x00000000fe300000)
  from space 14848K, 98% used [0x00000000ff180000,0x00000000fffc8000,0x0000000100000000)
  to   space 14848K, 0% used [0x00000000fe300000,0x00000000fe300000,0x00000000ff180000)
 ParOldGen       total 42496K, used 30794K [0x00000000c2400000, 0x00000000c4d80000, 0x00000000eb700000)
  object space 42496K, 72% used [0x00000000c2400000,0x00000000c42129f0,0x00000000c4d80000)
 Metaspace       used 9272K, capacity 9442K, committed 9728K, reserved 1058816K
  class space    used 1089K, capacity 1157K, committed 1280K, reserved 1048576K

Deoptimization events (5 events):
Event: 2.776 Thread 0x0000000019202800 Uncommon trap: reason=class_check action=maybe_recompile pc=0x000000000267bc94 method=java.util.Hashtable.put(Ljava/lang/Object;Ljava/lang/Object;)Ljava/lang/Object; @ 60
Event: 3.544 Thread 0x0000000019202800 Uncommon trap: reason=class_check action=maybe_recompile pc=0x000000000267bc94 method=java.util.Hashtable.put(Ljava/lang/Object;Ljava/lang/Object;)Ljava/lang/Object; @ 60
Event: 3.686 Thread 0x0000000016688800 Uncommon trap: reason=unstable_if action=reinterpret pc=0x000000000268b718 method=java.util.Hashtable.remove(Ljava/lang/Object;)Ljava/lang/Object; @ 51
Event: 4.458 Thread 0x0000000019202800 Uncommon trap: reason=class_check action=maybe_recompile pc=0x000000000267bc94 method=java.util.Hashtable.put(Ljava/lang/Object;Ljava/lang/Object;)Ljava/lang/Object; @ 60
Event: 5.683 Thread 0x0000000019202800 Uncommon trap: reason=class_check action=maybe_recompile pc=0x000000000267bc94 method=java.util.Hashtable.put(Ljava/lang/Object;Ljava/lang/Object;)Ljava/lang/Object; @ 60

Internal exceptions (10 events):
Event: 612.440 Thread 0x0000000019202800 Exception <a 'java/lang/IllegalArgumentException': timeout value is negative> (0x00000000eb9b8170) thrown at [C:\re\workspace\8-2-build-windows-amd64-cygwin\jdk8u101\7261\hotspot\src\share\vm\prims\jvm.cpp, line 3163]
Event: 614.989 Thread 0x0000000019202800 Exception <a 'java/lang/IllegalArgumentException': timeout value is negative> (0x00000000eba98c90) thrown at [C:\re\workspace\8-2-build-windows-amd64-cygwin\jdk8u101\7261\hotspot\src\share\vm\prims\jvm.cpp, line 3163]
Event: 617.495 Thread 0x0000000019202800 Exception <a 'java/lang/IllegalArgumentException': timeout value is negative> (0x00000000eb767f68) thrown at [C:\re\workspace\8-2-build-windows-amd64-cygwin\jdk8u101\7261\hotspot\src\share\vm\prims\jvm.cpp, line 3163]
Event: 620.036 Thread 0x0000000019202800 Exception <a 'java/lang/IllegalArgumentException': timeout value is negative> (0x00000000eb848468) thrown at [C:\re\workspace\8-2-build-windows-amd64-cygwin\jdk8u101\7261\hotspot\src\share\vm\prims\jvm.cpp, line 3163]
Event: 622.597 Thread 0x0000000019202800 Exception <a 'java/lang/IllegalArgumentException': timeout value is negative> (0x00000000eb928a88) thrown at [C:\re\workspace\8-2-build-windows-amd64-cygwin\jdk8u101\7261\hotspot\src\share\vm\prims\jvm.cpp, line 3163]
Event: 625.143 Thread 0x0000000019202800 Exception <a 'java/lang/IllegalArgumentException': timeout value is negative> (0x00000000eba08f88) thrown at [C:\re\workspace\8-2-build-windows-amd64-cygwin\jdk8u101\7261\hotspot\src\share\vm\prims\jvm.cpp, line 3163]
Event: 627.696 Thread 0x0000000019202800 Exception <a 'java/lang/IllegalArgumentException': timeout value is negative> (0x00000000ebae9c80) thrown at [C:\re\workspace\8-2-build-windows-amd64-cygwin\jdk8u101\7261\hotspot\src\share\vm\prims\jvm.cpp, line 3163]
Event: 630.202 Thread 0x0000000019202800 Exception <a 'java/lang/IllegalArgumentException': timeout value is negative> (0x00000000eb7b8e68) thrown at [C:\re\workspace\8-2-build-windows-amd64-cygwin\jdk8u101\7261\hotspot\src\share\vm\prims\jvm.cpp, line 3163]
Event: 632.749 Thread 0x0000000019202800 Exception <a 'java/lang/IllegalArgumentException': timeout value is negative> (0x00000000eb899488) thrown at [C:\re\workspace\8-2-build-windows-amd64-cygwin\jdk8u101\7261\hotspot\src\share\vm\prims\jvm.cpp, line 3163]
Event: 635.290 Thread 0x0000000019202800 Exception <a 'java/lang/IllegalArgumentException': timeout value is negative> (0x00000000eb9799b8) thrown at [C:\re\workspace\8-2-build-windows-amd64-cygwin\jdk8u101\7261\hotspot\src\share\vm\prims\jvm.cpp, line 3163]

Events (10 events):
Event: 625.130 Executing VM operation: ParallelGCFailedAllocation done
Event: 627.574 Executing VM operation: ParallelGCFailedAllocation
Event: 627.678 Executing VM operation: ParallelGCFailedAllocation done
Event: 630.093 Executing VM operation: ParallelGCFailedAllocation
Event: 630.197 Executing VM operation: ParallelGCFailedAllocation done
Event: 632.638 Executing VM operation: ParallelGCFailedAllocation
Event: 632.741 Executing VM operation: ParallelGCFailedAllocation done
Event: 635.179 Executing VM operation: ParallelGCFailedAllocation
Event: 635.281 Executing VM operation: ParallelGCFailedAllocation done
Event: 637.718 Executing VM operation: ParallelGCFailedAllocation


Dynamic libraries:
0x00007ff6be0a0000 - 0x00007ff6be0d7000 	C:\Program Files\Java\jre1.8.0_101\bin\javaw.exe
0x00007ffb3db80000 - 0x00007ffb3dd41000 	C:\WINDOWS\SYSTEM32\ntdll.dll
0x00007ffb3c2e0000 - 0x00007ffb3c38d000 	C:\WINDOWS\system32\KERNEL32.DLL
0x00007ffb3ad20000 - 0x00007ffb3af08000 	C:\WINDOWS\system32\KERNELBASE.dll
0x00007ffb3b090000 - 0x00007ffb3b137000 	C:\WINDOWS\system32\ADVAPI32.dll
0x00007ffb3b560000 - 0x00007ffb3b5fd000 	C:\WINDOWS\system32\msvcrt.dll
0x00007ffb3bd80000 - 0x00007ffb3bddb000 	C:\WINDOWS\system32\sechost.dll
0x00007ffb3bde0000 - 0x00007ffb3befc000 	C:\WINDOWS\system32\RPCRT4.dll
0x00007ffb3bf00000 - 0x00007ffb3c056000 	C:\WINDOWS\system32\USER32.dll
0x00007ffb3b1a0000 - 0x00007ffb3b326000 	C:\WINDOWS\system32\GDI32.dll
0x00007ffb259f0000 - 0x00007ffb25c64000 	C:\WINDOWS\WinSxS\amd64_microsoft.windows.common-controls_6595b64144ccf1df_6.0.10586.494_none_a2d8b04ea53e3145\COMCTL32.dll
0x00007ffb3c060000 - 0x00007ffb3c2dd000 	C:\WINDOWS\system32\combase.dll
0x00007ffb3ac90000 - 0x00007ffb3acfa000 	C:\WINDOWS\system32\bcryptPrimitives.dll
0x00007ffb3afe0000 - 0x00007ffb3b01b000 	C:\WINDOWS\system32\IMM32.DLL
0x000000006aef0000 - 0x000000006afc2000 	C:\Program Files\Java\jre1.8.0_101\bin\msvcr100.dll
0x000000006afe0000 - 0x000000006b87a000 	C:\Program Files\Java\jre1.8.0_101\bin\server\jvm.dll
0x00007ffb3db10000 - 0x00007ffb3db18000 	C:\WINDOWS\system32\PSAPI.DLL
0x00007ffb351a0000 - 0x00007ffb351aa000 	C:\WINDOWS\SYSTEM32\VERSION.dll
0x00007ffb38500000 - 0x00007ffb38523000 	C:\WINDOWS\SYSTEM32\WINMM.dll
0x00007ffb30370000 - 0x00007ffb30379000 	C:\WINDOWS\SYSTEM32\WSOCK32.dll
0x00007ffb3b020000 - 0x00007ffb3b08b000 	C:\WINDOWS\system32\WS2_32.dll
0x00007ffb38470000 - 0x00007ffb3849c000 	C:\WINDOWS\SYSTEM32\WINMMBASE.dll
0x00007ffb3af10000 - 0x00007ffb3af53000 	C:\WINDOWS\system32\cfgmgr32.dll
0x000000006bb00000 - 0x000000006bb0f000 	C:\Program Files\Java\jre1.8.0_101\bin\verify.dll
0x000000006bad0000 - 0x000000006baf9000 	C:\Program Files\Java\jre1.8.0_101\bin\java.dll
0x000000006bab0000 - 0x000000006bac6000 	C:\Program Files\Java\jre1.8.0_101\bin\zip.dll
0x00007ffb3c390000 - 0x00007ffb3d8ec000 	C:\WINDOWS\system32\SHELL32.dll
0x00007ffb3a640000 - 0x00007ffb3ac85000 	C:\WINDOWS\system32\windows.storage.dll
0x00007ffb3b140000 - 0x00007ffb3b192000 	C:\WINDOWS\system32\shlwapi.dll
0x00007ffb3a190000 - 0x00007ffb3a19f000 	C:\WINDOWS\system32\kernel.appcore.dll
0x00007ffb3a270000 - 0x00007ffb3a325000 	C:\WINDOWS\system32\shcore.dll
0x00007ffb3a1a0000 - 0x00007ffb3a1eb000 	C:\WINDOWS\system32\powrprof.dll
0x00007ffb3a1f0000 - 0x00007ffb3a204000 	C:\WINDOWS\system32\profapi.dll
0x000000006ad50000 - 0x000000006aee8000 	C:\Program Files\Java\jre1.8.0_101\bin\awt.dll
0x00007ffb3d8f0000 - 0x00007ffb3d9b1000 	C:\WINDOWS\system32\OLEAUT32.dll
0x00007ffb389f0000 - 0x00007ffb38a69000 	C:\WINDOWS\system32\apphelp.dll
0x00007ffb38040000 - 0x00007ffb38062000 	C:\WINDOWS\system32\DWMAPI.DLL
0x00007ffb38d70000 - 0x00007ffb38e06000 	C:\WINDOWS\system32\uxtheme.dll
0x00007ffb3bc20000 - 0x00007ffb3bd7a000 	C:\WINDOWS\system32\MSCTF.dll
0x00007ffb3d9c0000 - 0x00007ffb3db03000 	C:\WINDOWS\system32\ole32.dll
0x00007ffb11e30000 - 0x00007ffb12040000 	C:\WINDOWS\system32\d3d9.dll
0x00007ffb359a0000 - 0x00007ffb35b07000 	C:\WINDOWS\SYSTEM32\aticfx64.dll
0x00007ffb2a2f0000 - 0x00007ffb2a311000 	C:\WINDOWS\SYSTEM32\atiu9p64.dll
0x00007ffb0b550000 - 0x00007ffb0bda9000 	C:\WINDOWS\SYSTEM32\atiumd64.dll
0x000000006bd00000 - 0x000000006c588000 	C:\WINDOWS\SYSTEM32\atiumd6a.dll
0x000000006ad00000 - 0x000000006ad47000 	C:\Program Files\Java\jre1.8.0_101\bin\fontmanager.dll
0x00007ffb3bb70000 - 0x00007ffb3bc17000 	C:\WINDOWS\system32\clbcatq.dll
0x00007ffb19700000 - 0x00007ffb1988c000 	C:\WINDOWS\SYSTEM32\dbghelp.dll

VM Arguments:
jvm_args: -Dfile.encoding=Cp1251 
java_command: Main.Game
java_class_path (initial): E:\Программирование\eclipse\Projects\Танки 2D 1990\bin
Launcher Type: SUN_STANDARD

Environment Variables:
PATH=C:/Program Files/Java/jre1.8.0_101/bin/server;C:/Program Files/Java/jre1.8.0_101/bin;C:/Program Files/Java/jre1.8.0_101/lib/amd64;C:\ProgramData\Oracle\Java\javapath;C:\WINDOWS\system32;C:\WINDOWS;C:\WINDOWS\System32\Wbem;C:\WINDOWS\System32\WindowsPowerShell\v1.0\;C:\Program Files (x86)\ATI Technologies\ATI.ACE\Core-Static;C:\Program Files\WIDCOMM\Bluetooth Software\;C:\Program Files\WIDCOMM\Bluetooth Software\syswow64;C:\Program Files (x86)\Skype\Phone\;C:\Program Files\Java\jdk1.8.0_91;C:\Users\Pasha\Desktop;
USERNAME=Pasha
OS=Windows_NT
PROCESSOR_IDENTIFIER=Intel64 Family 6 Model 37 Stepping 5, GenuineIntel



---------------  S Y S T E M  ---------------

OS: Windows 10.0 , 64 bit Build 10586 (10.0.10586.0)

CPU:total 4 (2 cores per cpu, 2 threads per core) family 6 model 37 stepping 5, cmov, cx8, fxsr, mmx, sse, sse2, sse3, ssse3, sse4.1, sse4.2, popcnt, ht, tsc, tscinvbit

Memory: 4k page, physical 4044320k(1285748k free), swap 8107552k(4410400k free)

vm_info: Java HotSpot(TM) 64-Bit Server VM (25.101-b13) for windows-amd64 JRE (1.8.0_101-b13), built on Jun 22 2016 01:21:29 by "java_re" with MS VC++ 10.0 (VS2010)

time: Wed Aug 10 19:59:31 2016
elapsed time: 638 seconds (0d 0h 10m 38s)

