#
# A fatal error has been detected by the Java Runtime Environment:
#
#  EXCEPTION_ACCESS_VIOLATION (0xc0000005) at pc=0x00007ffa73f3fe34, pid=3708, tid=0x0000000000001dfc
#
# JRE version: Java(TM) SE Runtime Environment (8.0_101-b13) (build 1.8.0_101-b13)
# Java VM: Java HotSpot(TM) 64-Bit Server VM (25.101-b13 mixed mode windows-amd64 compressed oops)
# Problematic frame:
# C  [ntdll.dll+0x2fe34]
#
# Failed to write core dump. Minidumps are not enabled by default on client versions of Windows
#
# If you would like to submit a bug report, please visit:
#   http://bugreport.java.com/bugreport/crash.jsp
# The crash happened outside the Java Virtual Machine in native code.
# See problematic frame for where to report the bug.
#

---------------  T H R E A D  ---------------

Current thread (0x0000000019b20000):  JavaThread "Thread-2" [_thread_in_native, id=7676, stack(0x000000001a3b0000,0x000000001a4b0000)]

siginfo: ExceptionCode=0xc0000005, writing address 0x0000000000000024

Registers:
RAX=0x0000000000000000, RBX=0x0000000000dc92a8, RCX=0x0000000000dc92a8, RDX=0xffffffffffffffff
RSP=0x000000001a4aea90, RBP=0x000000001a4aeaf9, RSI=0x0000000000000000, RDI=0x0000000000000000
R8 =0x0000000000000000, R9 =0x0000000000000000, R10=0x0000000014e50840, R11=0x0000000016fc81c8
R12=0x0000000000000000, R13=0x0000000000000000, R14=0x0000000000a7e000, R15=0x0000000019b20000
RIP=0x00007ffa73f3fe34, EFLAGS=0x0000000000010213

Top of Stack: (sp=0x000000001a4aea90)
0x000000001a4aea90:   ffffffffffffffff 0000000000dc92a8
0x000000001a4aeaa0:   0000000000000000 0000000019b201f8
0x000000001a4aeab0:   000000001a4aeba8 0000000019b20000
0x000000001a4aeac0:   000000001a4aed00 00000000fffffffa
0x000000001a4aead0:   0000000000a7e000 0000000000000060
0x000000001a4aeae0:   0000000001180cc0 000000001a4aec30
0x000000001a4aeaf0:   0000000019b20000 0000000000000000
0x000000001a4aeb00:   0000000000000000 000000000000000e
0x000000001a4aeb10:   0000082a0d2a4f24 000000006103d202
0x000000001a4aeb20:   0000000019b20000 0000000000000003
0x000000001a4aeb30:   000000001505a330 0000000000000000
0x000000001a4aeb40:   0000000000000000 000000001a4aeb00
0x000000001a4aeb50:   0000000000010001 00007ffa73f3ea0b
0x000000001a4aeb60:   0000000016f5a3b0 000000005e7479a7
0x000000001a4aeb70:   0000000000dc92a8 000000005e747829
0x000000001a4aeb80:   000000001a4aed20 00007ffa48dcfcd1 

Instructions: (pc=0x00007ffa73f3fe34)
0x00007ffa73f3fe14:   75 12 8b 43 20 48 0f ba e0 18 72 08 48 8b cb e8
0x00007ffa73f3fe24:   d8 50 02 00 48 8b 03 44 8b ef 48 83 f8 ff 74 03
0x00007ffa73f3fe34:   ff 40 24 4c 8b 73 18 45 33 ff b8 82 03 fe 7f 8a
0x00007ffa73f3fe44:   08 84 c9 74 4f 65 48 8b 04 25 60 00 00 00 f6 80 


Register to memory mapping:

RAX=0x0000000000000000 is an unknown value
RBX=0x0000000000dc92a8 is an unknown value
RCX=0x0000000000dc92a8 is an unknown value
RDX=0xffffffffffffffff is an unknown value
RSP=0x000000001a4aea90 is pointing into the stack for thread: 0x0000000019b20000
RBP=0x000000001a4aeaf9 is pointing into the stack for thread: 0x0000000019b20000
RSI=0x0000000000000000 is an unknown value
RDI=0x0000000000000000 is an unknown value
R8 =0x0000000000000000 is an unknown value
R9 =0x0000000000000000 is an unknown value
R10={method} {0x0000000014e50848} 'addRecord' '(Ljava/lang/Object;JJ)V' in 'sun/java2d/Disposer'
R11=0x0000000016fc81c8 is an unknown value
R12=0x0000000000000000 is an unknown value
R13=0x0000000000000000 is an unknown value
R14=0x0000000000a7e000 is an unknown value
R15=0x0000000019b20000 is a thread


Stack: [0x000000001a3b0000,0x000000001a4b0000],  sp=0x000000001a4aea90,  free space=1018k
Native frames: (J=compiled Java code, j=interpreted, Vv=VM code, C=native code)
C  [ntdll.dll+0x2fe34]
C  [ntdll.dll+0x2ea0b]
C  0x00007ffa48dcfcd1

Java frames: (J=compiled Java code, j=interpreted, Vv=VM code)
j  sun.java2d.d3d.D3DSurfaceData.initOps(III)V+0
j  sun.java2d.d3d.D3DSurfaceData.<init>(Lsun/awt/windows/WComponentPeer;Lsun/java2d/d3d/D3DGraphicsConfig;IILjava/awt/Image;Ljava/awt/image/ColorModel;IILsun/java2d/pipe/hw/ExtendedBufferCapabilities$VSyncType;I)V+76
j  sun.java2d.d3d.D3DSurfaceData.createData(Lsun/java2d/d3d/D3DGraphicsConfig;IILjava/awt/image/ColorModel;Ljava/awt/Image;I)Lsun/java2d/d3d/D3DSurfaceData;+70
j  sun.java2d.d3d.D3DGraphicsConfig.createManagedSurface(III)Lsun/java2d/SurfaceData;+10
j  sun.java2d.d3d.D3DSurfaceDataProxy.validateSurfaceData(Lsun/java2d/SurfaceData;Lsun/java2d/SurfaceData;II)Lsun/java2d/SurfaceData;+22
j  sun.java2d.SurfaceDataProxy.replaceData(Lsun/java2d/SurfaceData;ILsun/java2d/loops/CompositeType;Ljava/awt/Color;)Lsun/java2d/SurfaceData;+191
J 687 C2 sun.java2d.SurfaceData.getSourceSurfaceData(Ljava/awt/Image;ILsun/java2d/loops/CompositeType;Ljava/awt/Color;)Lsun/java2d/SurfaceData; (110 bytes) @ 0x00000000030783e8 [0x0000000003078220+0x1c8]
j  sun.java2d.pipe.DrawImage.renderImageCopy(Lsun/java2d/SunGraphics2D;Ljava/awt/Image;Ljava/awt/Color;IIIIII)Z+24
j  sun.java2d.pipe.DrawImage.copyImage(Lsun/java2d/SunGraphics2D;Ljava/awt/Image;IILjava/awt/Color;)Z+45
j  sun.java2d.pipe.DrawImage.copyImage(Lsun/java2d/SunGraphics2D;Ljava/awt/Image;IILjava/awt/Color;Ljava/awt/image/ImageObserver;)Z+15
j  sun.java2d.pipe.ValidatePipe.copyImage(Lsun/java2d/SunGraphics2D;Ljava/awt/Image;IILjava/awt/Color;Ljava/awt/image/ImageObserver;)Z+21
j  sun.java2d.SunGraphics2D.drawImage(Ljava/awt/Image;IILjava/awt/Color;Ljava/awt/image/ImageObserver;)Z+66
j  sun.java2d.SunGraphics2D.drawImage(Ljava/awt/Image;IILjava/awt/image/ImageObserver;)Z+7
j  Main.GamePanel.drawToScreen()V+12
j  Main.GamePanel.run()V+20
j  java.lang.Thread.run()V+11
v  ~StubRoutines::call_stub

---------------  P R O C E S S  ---------------

Java Threads: ( => current thread )
  0x0000000002cf0800 JavaThread "DestroyJavaVM" [_thread_blocked, id=3388, stack(0x0000000002bf0000,0x0000000002cf0000)]
=>0x0000000019b20000 JavaThread "Thread-2" [_thread_in_native, id=7676, stack(0x000000001a3b0000,0x000000001a4b0000)]
  0x0000000019abd000 JavaThread "AWT-EventQueue-0" [_thread_blocked, id=3752, stack(0x000000001a2b0000,0x000000001a3b0000)]
  0x0000000016f60000 JavaThread "AWT-Shutdown" [_thread_blocked, id=3912, stack(0x0000000017440000,0x0000000017540000)]
  0x0000000016f5b000 JavaThread "Java2D Disposer" daemon [_thread_blocked, id=7888, stack(0x0000000017340000,0x0000000017440000)]
  0x0000000016c08800 JavaThread "Service Thread" daemon [_thread_blocked, id=3760, stack(0x0000000016fd0000,0x00000000170d0000)]
  0x0000000015369000 JavaThread "C1 CompilerThread2" daemon [_thread_blocked, id=668, stack(0x0000000016ad0000,0x0000000016bd0000)]
  0x0000000015362800 JavaThread "C2 CompilerThread1" daemon [_thread_blocked, id=4756, stack(0x00000000169d0000,0x0000000016ad0000)]
  0x000000001535d800 JavaThread "C2 CompilerThread0" daemon [_thread_blocked, id=7704, stack(0x00000000168d0000,0x00000000169d0000)]
  0x000000001535c000 JavaThread "Attach Listener" daemon [_thread_blocked, id=6368, stack(0x00000000167d0000,0x00000000168d0000)]
  0x000000001535b000 JavaThread "Signal Dispatcher" daemon [_thread_blocked, id=5856, stack(0x00000000166d0000,0x00000000167d0000)]
  0x000000001534a000 JavaThread "Finalizer" daemon [_thread_blocked, id=748, stack(0x00000000165d0000,0x00000000166d0000)]
  0x0000000002ddf000 JavaThread "Reference Handler" daemon [_thread_blocked, id=8160, stack(0x00000000164d0000,0x00000000165d0000)]

Other Threads:
  0x0000000015327000 VMThread [stack: 0x00000000163d0000,0x00000000164d0000] [id=2364]
  0x0000000016c13800 WatcherThread [stack: 0x00000000170d0000,0x00000000171d0000] [id=7328]

VM state:not at safepoint (normal execution)

VM Mutex/Monitor currently owned by a thread: None

Heap:
 PSYoungGen      total 18432K, used 11278K [0x00000000eb700000, 0x00000000ecb80000, 0x0000000100000000)
  eden space 15872K, 71% used [0x00000000eb700000,0x00000000ec203be8,0x00000000ec680000)
  from space 2560K, 0% used [0x00000000ec900000,0x00000000ec900000,0x00000000ecb80000)
  to   space 2560K, 0% used [0x00000000ec680000,0x00000000ec680000,0x00000000ec900000)
 ParOldGen       total 42496K, used 0K [0x00000000c2400000, 0x00000000c4d80000, 0x00000000eb700000)
  object space 42496K, 0% used [0x00000000c2400000,0x00000000c2400000,0x00000000c4d80000)
 Metaspace       used 9245K, capacity 9466K, committed 9728K, reserved 1058816K
  class space    used 1095K, capacity 1189K, committed 1280K, reserved 1048576K

Card table byte_map: [0x00000000121b0000,0x00000000123a0000] byte_map_base: 0x0000000011b9e000

Marking Bits: (ParMarkBitMap*) 0x000000006163a6d0
 Begin Bits: [0x00000000128f0000, 0x0000000013860000)
 End Bits:   [0x0000000013860000, 0x00000000147d0000)

Polling page: 0x00000000011d0000

CodeCache: size=245760Kb used=2896Kb max_used=2911Kb free=242863Kb
 bounds [0x0000000002df0000, 0x00000000030d0000, 0x0000000011df0000]
 total_blobs=1225 nmethods=765 adapters=374
 compilation: enabled

Compilation events (10 events):
Event: 9.253 Thread 0x0000000015369000  761   !   3       java.util.concurrent.locks.AbstractQueuedSynchronizer::acquireQueued (93 bytes)
Event: 9.256 Thread 0x0000000015369000 nmethod 761 0x00000000030bea90 code [0x00000000030becc0, 0x00000000030bf7d8]
Event: 9.488 Thread 0x0000000015369000  763       3       sun.awt.image.SurfaceManager::setManager (9 bytes)
Event: 9.489 Thread 0x0000000015369000 nmethod 763 0x00000000030be650 code [0x00000000030be7c0, 0x00000000030be9c8]
Event: 9.489 Thread 0x0000000015369000  762       3       sun.awt.image.BufImgSurfaceData::createData (845 bytes)
Event: 9.497 Thread 0x0000000015369000 nmethod 762 0x00000000030c0090 code [0x00000000030c05a0, 0x00000000030c3918]
Event: 9.497 Thread 0x0000000015369000  764       3       sun.awt.image.SurfaceManager::getCacheData (20 bytes)
Event: 9.498 Thread 0x0000000015369000 nmethod 764 0x00000000030be210 code [0x00000000030be380, 0x00000000030be568]
Event: 9.786 Thread 0x0000000015362800  765       4       java.awt.geom.AffineTransform::transform (635 bytes)
Event: 9.852 Thread 0x0000000015362800 nmethod 765 0x00000000030c8d50 code [0x00000000030c8ec0, 0x00000000030ca008]

GC Heap History (0 events):
No events

Deoptimization events (0 events):
No events

Internal exceptions (10 events):
Event: 0.060 Thread 0x0000000002cf0800 Exception <a 'java/lang/NoSuchMethodError': Method sun.misc.Unsafe.defineClass(Ljava/lang/String;[BII)Ljava/lang/Class; name or signature does not match> (0x00000000eb707cc0) thrown at [C:\re\workspace\8-2-build-windows-amd64-cygwin\jdk8u101\7261\hotspot\sЄщ€г®?
Event: 0.060 Thread 0x0000000002cf0800 Exception <a 'java/lang/NoSuchMethodError': Method sun.misc.Unsafe.prefetchRead(Ljava/lang/Object;J)V name or signature does not match> (0x00000000eb707fa8) thrown at [C:\re\workspace\8-2-build-windows-amd64-cygwin\jdk8u101\7261\hotspot\src\share\vm\prims\џЭG)·Е?
Event: 0.170 Thread 0x0000000002cf0800 Exception <a 'java/security/PrivilegedActionException'> (0x00000000eb789588) thrown at [C:\re\workspace\8-2-build-windows-amd64-cygwin\jdk8u101\7261\hotspot\src\share\vm\prims\jvm.cpp, line 1386]
Event: 0.170 Thread 0x0000000002cf0800 Exception <a 'java/security/PrivilegedActionException'> (0x00000000eb789798) thrown at [C:\re\workspace\8-2-build-windows-amd64-cygwin\jdk8u101\7261\hotspot\src\share\vm\prims\jvm.cpp, line 1386]
Event: 0.171 Thread 0x0000000002cf0800 Exception <a 'java/security/PrivilegedActionException'> (0x00000000eb78d3e0) thrown at [C:\re\workspace\8-2-build-windows-amd64-cygwin\jdk8u101\7261\hotspot\src\share\vm\prims\jvm.cpp, line 1386]
Event: 0.171 Thread 0x0000000002cf0800 Exception <a 'java/security/PrivilegedActionException'> (0x00000000eb78d5f0) thrown at [C:\re\workspace\8-2-build-windows-amd64-cygwin\jdk8u101\7261\hotspot\src\share\vm\prims\jvm.cpp, line 1386]
Event: 0.180 Thread 0x0000000002cf0800 Exception <a 'java/io/FileNotFoundException'> (0x00000000eb798308) thrown at [C:\re\workspace\8-2-build-windows-amd64-cygwin\jdk8u101\7261\hotspot\src\share\vm\prims\jni.cpp, line 709]
Event: 0.231 Thread 0x0000000002cf0800 Exception <a 'java/lang/NoSuchFieldError': method resolution failed> (0x00000000eb8b4bd0) thrown at [C:\re\workspace\8-2-build-windows-amd64-cygwin\jdk8u101\7261\hotspot\src\share\vm\prims\methodHandles.cpp, line 1146]
Event: 0.234 Thread 0x0000000002cf0800 Exception <a 'java/lang/NoSuchFieldError': method resolution failed> (0x00000000eb8c1fa0) thrown at [C:\re\workspace\8-2-build-windows-amd64-cygwin\jdk8u101\7261\hotspot\src\share\vm\prims\methodHandles.cpp, line 1146]
Event: 0.290 Thread 0x0000000002cf0800 Exception <a 'java/io/FileNotFoundException'> (0x00000000eb955cf8) thrown at [C:\re\workspace\8-2-build-windows-amd64-cygwin\jdk8u101\7261\hotspot\src\share\vm\prims\jni.cpp, line 709]

Events (10 events):
Event: 4.182 Executing VM operation: EnableBiasedLocking done
Event: 8.988 loading class java/awt/LightweightDispatcher$2
Event: 8.988 loading class java/awt/LightweightDispatcher$2 done
Event: 9.900 Thread 0x0000000019d0b800 Thread added: 0x0000000019d0b800
Event: 9.900 Thread 0x0000000019d0c800 Thread added: 0x0000000019d0c800
Event: 9.900 Thread 0x0000000019d0c800 Thread exited: 0x0000000019d0c800
Event: 9.901 Thread 0x0000000019b24800 Thread exited: 0x0000000019b24800
Event: 9.901 loading class sun/java2d/pipe/hw/AccelDeviceEventNotifier
Event: 9.901 loading class sun/java2d/pipe/hw/AccelDeviceEventNotifier done
Event: 9.929 Thread 0x0000000016faf800 Thread exited: 0x0000000016faf800


Dynamic libraries:
0x00007ff60b4e0000 - 0x00007ff60b517000 	C:\Program Files\Java\jre1.8.0_101\bin\javaw.exe
0x00007ffa73f10000 - 0x00007ffa740d1000 	C:\WINDOWS\SYSTEM32\ntdll.dll
0x00007ffa72c00000 - 0x00007ffa72cad000 	C:\WINDOWS\system32\KERNEL32.DLL
0x00007ffa70660000 - 0x00007ffa70848000 	C:\WINDOWS\system32\KERNELBASE.dll
0x00007ffa73b60000 - 0x00007ffa73c07000 	C:\WINDOWS\system32\ADVAPI32.dll
0x00007ffa73ac0000 - 0x00007ffa73b5d000 	C:\WINDOWS\system32\msvcrt.dll
0x00007ffa732b0000 - 0x00007ffa7330b000 	C:\WINDOWS\system32\sechost.dll
0x00007ffa72ae0000 - 0x00007ffa72bfc000 	C:\WINDOWS\system32\RPCRT4.dll
0x00007ffa728a0000 - 0x00007ffa729f6000 	C:\WINDOWS\system32\USER32.dll
0x00007ffa73930000 - 0x00007ffa73ab6000 	C:\WINDOWS\system32\GDI32.dll
0x00007ffa6ba70000 - 0x00007ffa6bce4000 	C:\WINDOWS\WinSxS\amd64_microsoft.windows.common-controls_6595b64144ccf1df_6.0.10586.494_none_a2d8b04ea53e3145\COMCTL32.dll
0x00007ffa734c0000 - 0x00007ffa7373d000 	C:\WINDOWS\system32\combase.dll
0x00007ffa70a70000 - 0x00007ffa70ada000 	C:\WINDOWS\system32\bcryptPrimitives.dll
0x00007ffa712f0000 - 0x00007ffa7132b000 	C:\WINDOWS\system32\IMM32.DLL
0x000000005e8c0000 - 0x000000005e992000 	C:\Program Files\Java\jre1.8.0_101\bin\msvcr100.dll
0x0000000060e20000 - 0x00000000616ba000 	C:\Program Files\Java\jre1.8.0_101\bin\server\jvm.dll
0x00007ffa71330000 - 0x00007ffa71338000 	C:\WINDOWS\system32\PSAPI.DLL
0x00007ffa63df0000 - 0x00007ffa63df9000 	C:\WINDOWS\SYSTEM32\WSOCK32.dll
0x00007ffa6eaf0000 - 0x00007ffa6eb13000 	C:\WINDOWS\SYSTEM32\WINMM.dll
0x00007ffa6bf50000 - 0x00007ffa6bf5a000 	C:\WINDOWS\SYSTEM32\VERSION.dll
0x00007ffa73810000 - 0x00007ffa7387b000 	C:\WINDOWS\system32\WS2_32.dll
0x00000000011a0000 - 0x00000000011cc000 	C:\WINDOWS\SYSTEM32\WINMMBASE.dll
0x00007ffa70850000 - 0x00007ffa70893000 	C:\WINDOWS\system32\cfgmgr32.dll
0x0000000061dc0000 - 0x0000000061dcf000 	C:\Program Files\Java\jre1.8.0_101\bin\verify.dll
0x0000000061d90000 - 0x0000000061db9000 	C:\Program Files\Java\jre1.8.0_101\bin\java.dll
0x0000000061d70000 - 0x0000000061d86000 	C:\Program Files\Java\jre1.8.0_101\bin\zip.dll
0x00007ffa71340000 - 0x00007ffa7289c000 	C:\WINDOWS\system32\SHELL32.dll
0x00007ffa70ca0000 - 0x00007ffa712e5000 	C:\WINDOWS\system32\windows.storage.dll
0x00007ffa72cb0000 - 0x00007ffa72d02000 	C:\WINDOWS\system32\shlwapi.dll
0x00007ffa70540000 - 0x00007ffa7054f000 	C:\WINDOWS\system32\kernel.appcore.dll
0x00007ffa705a0000 - 0x00007ffa70655000 	C:\WINDOWS\system32\shcore.dll
0x00007ffa70550000 - 0x00007ffa7059b000 	C:\WINDOWS\system32\powrprof.dll
0x00007ffa70520000 - 0x00007ffa70534000 	C:\WINDOWS\system32\profapi.dll
0x000000005e720000 - 0x000000005e8b8000 	C:\Program Files\Java\jre1.8.0_101\bin\awt.dll
0x00007ffa73740000 - 0x00007ffa73801000 	C:\WINDOWS\system32\OLEAUT32.dll
0x00007ffa6ef20000 - 0x00007ffa6ef99000 	C:\WINDOWS\system32\apphelp.dll
0x00007ffa6e4e0000 - 0x00007ffa6e502000 	C:\WINDOWS\system32\DWMAPI.DLL
0x00007ffa6f070000 - 0x00007ffa6f106000 	C:\WINDOWS\system32\uxtheme.dll
0x00007ffa73d40000 - 0x00007ffa73e9a000 	C:\WINDOWS\system32\MSCTF.dll
0x00007ffa72d10000 - 0x00007ffa72e53000 	C:\WINDOWS\system32\ole32.dll
0x0000000061b40000 - 0x0000000061b87000 	C:\Program Files\Java\jre1.8.0_101\bin\fontmanager.dll
0x0000000061d50000 - 0x0000000061d6a000 	C:\Program Files\Java\jre1.8.0_101\bin\net.dll
0x00007ffa6fde0000 - 0x00007ffa6fe3c000 	C:\WINDOWS\system32\mswsock.dll
0x0000000061d30000 - 0x0000000061d41000 	C:\Program Files\Java\jre1.8.0_101\bin\nio.dll
0x000000005e6d0000 - 0x000000005e712000 	C:\Program Files\Java\jre1.8.0_101\bin\t2k.dll
0x00007ffa73880000 - 0x00007ffa73927000 	C:\WINDOWS\system32\clbcatq.dll
0x00007ffa48790000 - 0x00007ffa4891c000 	C:\WINDOWS\SYSTEM32\dbghelp.dll

VM Arguments:
jvm_args: -Dfile.encoding=Cp1251 
java_command: Main.Game
java_class_path (initial): E:\Программирование\eclipse\Projects\Танки 2D 1990\bin
Launcher Type: SUN_STANDARD

Environment Variables:
PATH=C:/Program Files/Java/jre1.8.0_101/bin/server;C:/Program Files/Java/jre1.8.0_101/bin;C:/Program Files/Java/jre1.8.0_101/lib/amd64;C:\ProgramData\Oracle\Java\javapath;C:\WINDOWS\system32;C:\WINDOWS;C:\WINDOWS\System32\Wbem;C:\WINDOWS\System32\WindowsPowerShell\v1.0\;C:\Program Files (x86)\ATI Technologies\ATI.ACE\Core-Static;C:\Program Files\WIDCOMM\Bluetooth Software\;C:\Program Files\WIDCOMM\Bluetooth Software\syswow64;C:\Program Files (x86)\Skype\Phone\;C:\Program Files\Java\jdk1.8.0_91;C:\Users\Pasha\Desktop;
USERNAME=Pasha
OS=Windows_NT
PROCESSOR_IDENTIFIER=Intel64 Family 6 Model 37 Stepping 5, GenuineIntel



---------------  S Y S T E M  ---------------

OS: Windows 10.0 , 64 bit Build 10586 (10.0.10586.0)

CPU:total 4 (2 cores per cpu, 2 threads per core) family 6 model 37 stepping 5, cmov, cx8, fxsr, mmx, sse, sse2, sse3, ssse3, sse4.1, sse4.2, popcnt, ht, tsc, tscinvbit

Memory: 4k page, physical 4044320k(2006412k free), swap 8107552k(5150536k free)

vm_info: Java HotSpot(TM) 64-Bit Server VM (25.101-b13) for windows-amd64 JRE (1.8.0_101-b13), built on Jun 22 2016 01:21:29 by "java_re" with MS VC++ 10.0 (VS2010)

time: Sat Aug 27 13:58:20 2016
elapsed time: 10 seconds (0d 0h 0m 10s)

